Mon Apr 21 18:09:49 2025 [INFO] inventory: Sample log message
Mon Apr 21 18:09:50 2025 [ERROR] inventory: Sample log message
Mon Apr 21 18:09:51 2025 [INFO] order: Sample log message
Mon Apr 21 18:09:51 2025 [WARN] payment: Sample log message
Mon Apr 21 18:09:52 2025 [INFO] inventory: Sample log message
Mon Apr 21 18:09:52 2025 [WARN] payment: Sample log message
Mon Apr 21 18:09:53 2025 [INFO] payment: Sample log message
Mon Apr 21 18:09:53 2025 [INFO] order: Sample log message
Mon Apr 21 18:09:54 2025 [WARN] inventory: Sample log message
Mon Apr 21 18:09:54 2025 [INFO] order: Sample log message
Mon Apr 21 18:09:55 2025 [WARN] inventory: Sample log message
Mon Apr 21 18:09:56 2025 [ERROR] order: Sample log message
Mon Apr 21 18:09:56 2025 [INFO] inventory: Sample log message
Mon Apr 21 18:09:57 2025 [INFO] inventory: Sample log message
Mon Apr 21 18:09:57 2025 [ERROR] payment: Sample log message
Mon Apr 21 18:09:58 2025 [ERROR] payment: Sample log message
Mon Apr 21 18:09:58 2025 [ERROR] payment: Sample log message
Mon Apr 21 18:09:59 2025 [INFO] order: Sample log message
Mon Apr 21 18:09:59 2025 [INFO] inventory: Sample log message
Mon Apr 21 18:10:00 2025 [INFO] payment: Sample log message
Mon Apr 21 18:10:00 2025 [WARN] inventory: Sample log message
Mon Apr 21 18:10:01 2025 [WARN] payment: Sample log message
Mon Apr 21 18:10:01 2025 [INFO] order: Sample log message
Mon Apr 21 18:10:02 2025 [ERROR] inventory: Sample log message
Mon Apr 21 18:10:03 2025 [INFO] order: Sample log message
Mon Apr 21 18:10:03 2025 [ERROR] payment: Sample log message
Mon Apr 21 18:10:04 2025 [WARN] inventory: Sample log message
Mon Apr 21 18:10:04 2025 [INFO] inventory: Sample log message
Mon Apr 21 18:10:05 2025 [ERROR] inventory: Sample log message
Mon Apr 21 18:10:05 2025 [WARN] inventory: Sample log message
Mon Apr 21 18:10:06 2025 [WARN] inventory: Sample log message
Mon Apr 21 18:10:06 2025 [INFO] payment: Sample log message
Mon Apr 21 18:10:07 2025 [INFO] payment: Sample log message
Mon Apr 21 18:10:07 2025 [WARN] inventory: Sample log message
Mon Apr 21 18:10:08 2025 [INFO] inventory: Sample log message
Mon Apr 21 18:10:09 2025 [INFO] order: Sample log message
Mon Apr 21 18:10:09 2025 [ERROR] payment: Sample log message
Mon Apr 21 18:10:10 2025 [ERROR] payment: Sample log message
Mon Apr 21 18:10:10 2025 [ERROR] inventory: Sample log message
Mon Apr 21 18:10:11 2025 [INFO] order: Sample log message
Mon Apr 21 18:10:12 2025 [ERROR] inventory: Sample log message
Mon Apr 21 18:10:12 2025 [ERROR] payment: Sample log message
Mon Apr 21 18:10:13 2025 [INFO] inventory: Sample log message
Mon Apr 21 18:10:13 2025 [ERROR] inventory: Sample log message
Mon Apr 21 18:10:14 2025 [ERROR] payment: Sample log message
Mon Apr 21 18:10:14 2025 [WARN] inventory: Sample log message
Mon Apr 21 18:10:15 2025 [INFO] payment: Sample log message
Mon Apr 21 18:10:16 2025 [INFO] order: Sample log message
Mon Apr 21 18:10:26 2025 [WARN] order: Sample log message
Mon Apr 21 18:10:26 2025 [WARN] payment: Sample log message
Mon Apr 21 18:10:27 2025 [INFO] payment: Sample log message
Mon Apr 21 18:10:27 2025 [ERROR] order: Sample log message
Mon Apr 21 18:10:28 2025 [WARN] order: Sample log message
Mon Apr 21 18:10:28 2025 [INFO] order: Sample log message
Mon Apr 21 18:10:29 2025 [ERROR] inventory: Sample log message
Mon Apr 21 18:10:30 2025 [INFO] inventory: Sample log message
Mon Apr 21 18:10:30 2025 [ERROR] payment: Sample log message
Mon Apr 21 18:10:31 2025 [INFO] payment: Sample log message
Mon Apr 21 18:10:31 2025 [INFO] order: Sample log message
Mon Apr 21 18:10:32 2025 [WARN] order: Sample log message
Mon Apr 21 18:10:32 2025 [WARN] payment: Sample log message
Mon Apr 21 18:10:33 2025 [WARN] payment: Sample log message
Mon Apr 21 18:10:33 2025 [WARN] order: Sample log message
Mon Apr 21 18:10:34 2025 [INFO] order: Sample log message
Mon Apr 21 18:10:34 2025 [ERROR] order: Sample log message
Mon Apr 21 18:10:35 2025 [ERROR] payment: Sample log message
Mon Apr 21 18:10:35 2025 [INFO] order: Sample log message
Mon Apr 21 18:10:36 2025 [INFO] order: Sample log message
Mon Apr 21 18:10:36 2025 [INFO] order: Sample log message
Mon Apr 21 18:10:37 2025 [ERROR] order: Sample log message
Mon Apr 21 18:10:37 2025 [WARN] inventory: Sample log message
Mon Apr 21 18:10:38 2025 [ERROR] inventory: Sample log message
Mon Apr 21 18:10:39 2025 [INFO] inventory: Sample log message
Mon Apr 21 18:10:39 2025 [WARN] inventory: Sample log message
Mon Apr 21 18:10:40 2025 [WARN] order: Sample log message
Mon Apr 21 18:10:40 2025 [WARN] payment: Sample log message
Mon Apr 21 18:10:41 2025 [WARN] payment: Sample log message
Mon Apr 21 18:10:41 2025 [INFO] payment: Sample log message
Mon Apr 21 18:10:42 2025 [ERROR] payment: Sample log message
Mon Apr 21 18:10:42 2025 [ERROR] order: Sample log message
Mon Apr 21 18:10:43 2025 [WARN] order: Sample log message
Mon Apr 21 18:10:44 2025 [INFO] order: Sample log message
Mon Apr 21 18:10:44 2025 [ERROR] inventory: Sample log message
Mon Apr 21 18:10:45 2025 [WARN] order: Sample log message
Mon Apr 21 18:10:45 2025 [WARN] order: Sample log message
Mon Apr 21 18:10:46 2025 [WARN] payment: Sample log message
Mon Apr 21 18:10:46 2025 [INFO] inventory: Sample log message
Mon Apr 21 18:10:47 2025 [INFO] order: Sample log message
Mon Apr 21 18:10:47 2025 [WARN] inventory: Sample log message
Mon Apr 21 18:10:48 2025 [ERROR] order: Sample log message
Mon Apr 21 18:10:48 2025 [ERROR] payment: Sample log message
Mon Apr 21 18:10:49 2025 [ERROR] order: Sample log message
Mon Apr 21 18:10:49 2025 [INFO] payment: Sample log message
Mon Apr 21 18:10:50 2025 [INFO] inventory: Sample log message
Mon Apr 21 18:10:50 2025 [WARN] payment: Sample log message
Mon Apr 21 18:10:51 2025 [INFO] order: Sample log message
Mon Apr 21 18:10:52 2025 [INFO] inventory: Sample log message
Mon Apr 21 18:10:52 2025 [INFO] payment: Sample log message
Mon Apr 21 18:10:53 2025 [ERROR] payment: Sample log message
Mon Apr 21 18:10:53 2025 [INFO] inventory: Sample log message
Mon Apr 21 18:10:54 2025 [WARN] payment: Sample log message
Mon Apr 21 18:10:54 2025 [ERROR] order: Sample log message
Mon Apr 21 18:10:55 2025 [ERROR] inventory: Sample log message
Mon Apr 21 18:10:55 2025 [WARN] inventory: Sample log message
Mon Apr 21 18:10:56 2025 [INFO] payment: Sample log message
Mon Apr 21 18:10:56 2025 [INFO] order: Sample log message
Mon Apr 21 18:10:57 2025 [ERROR] payment: Sample log message
Mon Apr 21 18:10:57 2025 [WARN] payment: Sample log message
Mon Apr 21 18:10:58 2025 [ERROR] order: Sample log message
Mon Apr 21 18:10:58 2025 [INFO] inventory: Sample log message
Mon Apr 21 18:10:59 2025 [ERROR] inventory: Sample log message
Mon Apr 21 18:10:59 2025 [ERROR] payment: Sample log message
Mon Apr 21 18:11:00 2025 [WARN] inventory: Sample log message
Mon Apr 21 18:11:00 2025 [INFO] payment: Sample log message
Mon Apr 21 18:11:01 2025 [INFO] inventory: Sample log message
Mon Apr 21 18:11:02 2025 [ERROR] payment: Sample log message
Mon Apr 21 18:11:02 2025 [WARN] payment: Sample log message
Mon Apr 21 18:11:03 2025 [WARN] payment: Sample log message
Mon Apr 21 18:11:03 2025 [INFO] payment: Sample log message
Mon Apr 21 18:11:04 2025 [INFO] order: Sample log message
Mon Apr 21 18:11:04 2025 [ERROR] payment: Sample log message
Mon Apr 21 18:11:05 2025 [WARN] payment: Sample log message
Mon Apr 21 18:11:05 2025 [ERROR] payment: Sample log message
Mon Apr 21 18:11:06 2025 [WARN] payment: Sample log message
Mon Apr 21 18:11:06 2025 [INFO] inventory: Sample log message
Mon Apr 21 18:11:07 2025 [WARN] order: Sample log message
Mon Apr 21 18:11:07 2025 [INFO] order: Sample log message
Mon Apr 21 18:11:08 2025 [ERROR] inventory: Sample log message
Mon Apr 21 18:11:08 2025 [ERROR] order: Sample log message
Mon Apr 21 18:11:09 2025 [INFO] payment: Sample log message
Mon Apr 21 18:11:09 2025 [INFO] order: Sample log message
Mon Apr 21 18:11:10 2025 [WARN] inventory: Sample log message
Mon Apr 21 18:11:10 2025 [WARN] inventory: Sample log message
Mon Apr 21 18:11:11 2025 [INFO] inventory: Sample log message
Mon Apr 21 18:11:11 2025 [ERROR] payment: Sample log message
Mon Apr 21 18:11:12 2025 [ERROR] payment: Sample log message
Mon Apr 21 18:11:13 2025 [WARN] payment: Sample log message
Mon Apr 21 18:11:13 2025 [WARN] payment: Sample log message
Mon Apr 21 18:11:14 2025 [INFO] order: Sample log message
Mon Apr 21 18:11:14 2025 [ERROR] order: Sample log message
Mon Apr 21 18:11:15 2025 [INFO] inventory: Sample log message
Mon Apr 21 18:11:15 2025 [INFO] payment: Sample log message
Mon Apr 21 18:11:16 2025 [INFO] inventory: Sample log message
Mon Apr 21 18:11:16 2025 [INFO] inventory: Sample log message
Mon Apr 21 18:11:17 2025 [WARN] payment: Sample log message
Mon Apr 21 18:11:18 2025 [ERROR] payment: Sample log message
Mon Apr 21 18:11:18 2025 [INFO] inventory: Sample log message
Mon Apr 21 18:11:19 2025 [ERROR] payment: Sample log message
Mon Apr 21 18:11:19 2025 [ERROR] payment: Sample log message
Mon Apr 21 18:11:20 2025 [ERROR] payment: Sample log message
Mon Apr 21 18:11:20 2025 [INFO] order: Sample log message
Mon Apr 21 18:11:21 2025 [ERROR] order: Sample log message
Mon Apr 21 18:11:21 2025 [INFO] inventory: Sample log message
Mon Apr 21 18:11:22 2025 [INFO] inventory: Sample log message
Mon Apr 21 18:11:22 2025 [ERROR] inventory: Sample log message
Mon Apr 21 18:11:23 2025 [WARN] inventory: Sample log message
Mon Apr 21 18:11:23 2025 [WARN] order: Sample log message
Mon Apr 21 18:11:24 2025 [INFO] order: Sample log message
Mon Apr 21 18:11:24 2025 [ERROR] order: Sample log message
Mon Apr 21 18:11:25 2025 [ERROR] inventory: Sample log message
Mon Apr 21 18:11:25 2025 [WARN] order: Sample log message
Mon Apr 21 18:11:26 2025 [INFO] order: Sample log message
Mon Apr 21 18:11:27 2025 [ERROR] order: Sample log message
Mon Apr 21 18:11:27 2025 [INFO] payment: Sample log message
Mon Apr 21 18:11:28 2025 [ERROR] inventory: Sample log message
Mon Apr 21 18:11:28 2025 [WARN] order: Sample log message
Mon Apr 21 18:11:29 2025 [INFO] inventory: Sample log message
Mon Apr 21 18:11:29 2025 [INFO] order: Sample log message
Mon Apr 21 18:11:30 2025 [ERROR] payment: Sample log message
Mon Apr 21 18:11:30 2025 [WARN] order: Sample log message
Mon Apr 21 18:11:31 2025 [ERROR] payment: Sample log message
Mon Apr 21 18:11:32 2025 [ERROR] order: Sample log message
Mon Apr 21 18:11:32 2025 [WARN] inventory: Sample log message
Mon Apr 21 18:11:33 2025 [ERROR] payment: Sample log message
Mon Apr 21 18:11:33 2025 [ERROR] inventory: Sample log message
Mon Apr 21 18:11:34 2025 [WARN] inventory: Sample log message
Mon Apr 21 18:11:34 2025 [WARN] payment: Sample log message
Mon Apr 21 18:11:35 2025 [INFO] inventory: Sample log message
Mon Apr 21 18:11:35 2025 [INFO] payment: Sample log message
Mon Apr 21 18:11:36 2025 [WARN] inventory: Sample log message
Mon Apr 21 18:11:36 2025 [WARN] order: Sample log message
Mon Apr 21 18:11:37 2025 [ERROR] payment: Sample log message
Mon Apr 21 18:11:37 2025 [INFO] inventory: Sample log message
Mon Apr 21 18:11:38 2025 [ERROR] inventory: Sample log message
Mon Apr 21 18:11:38 2025 [INFO] order: Sample log message
Mon Apr 21 18:11:39 2025 [ERROR] inventory: Sample log message
Mon Apr 21 18:11:39 2025 [WARN] order: Sample log message
Mon Apr 21 18:11:40 2025 [INFO] inventory: Sample log message
Mon Apr 21 18:11:40 2025 [INFO] inventory: Sample log message
Mon Apr 21 18:11:41 2025 [ERROR] payment: Sample log message
Mon Apr 21 18:11:42 2025 [WARN] order: Sample log message
Mon Apr 21 18:11:42 2025 [ERROR] inventory: Sample log message
Mon Apr 21 18:11:43 2025 [INFO] order: Sample log message
Mon Apr 21 18:11:43 2025 [WARN] payment: Sample log message
Mon Apr 21 18:11:44 2025 [WARN] payment: Sample log message
Mon Apr 21 18:11:44 2025 [INFO] payment: Sample log message
Mon Apr 21 18:11:45 2025 [INFO] order: Sample log message
Mon Apr 21 18:11:45 2025 [ERROR] inventory: Sample log message
Mon Apr 21 18:11:46 2025 [WARN] order: Sample log message
Mon Apr 21 18:11:46 2025 [INFO] inventory: Sample log message
Mon Apr 21 18:11:47 2025 [ERROR] inventory: Sample log message
Mon Apr 21 18:11:47 2025 [INFO] order: Sample log message
Mon Apr 21 18:11:48 2025 [INFO] inventory: Sample log message
Mon Apr 21 18:11:48 2025 [ERROR] payment: Sample log message
Mon Apr 21 18:11:49 2025 [WARN] order: Sample log message
Mon Apr 21 18:11:49 2025 [INFO] order: Sample log message
Mon Apr 21 18:11:50 2025 [INFO] order: Sample log message
Mon Apr 21 18:11:50 2025 [ERROR] inventory: Sample log message
Mon Apr 21 18:11:51 2025 [INFO] payment: Sample log message
Mon Apr 21 18:11:51 2025 [ERROR] order: Sample log message
Mon Apr 21 18:11:52 2025 [WARN] order: Sample log message
Mon Apr 21 18:11:52 2025 [WARN] inventory: Sample log message
Mon Apr 21 18:11:53 2025 [WARN] inventory: Sample log message
Mon Apr 21 18:11:54 2025 [INFO] payment: Sample log message
Mon Apr 21 18:11:54 2025 [ERROR] order: Sample log message
Mon Apr 21 18:11:55 2025 [ERROR] inventory: Sample log message
Mon Apr 21 18:11:55 2025 [ERROR] payment: Sample log message
Mon Apr 21 18:11:56 2025 [INFO] inventory: Sample log message
Mon Apr 21 18:11:56 2025 [WARN] order: Sample log message
Mon Apr 21 18:11:57 2025 [WARN] payment: Sample log message
Mon Apr 21 18:11:57 2025 [ERROR] order: Sample log message
Mon Apr 21 18:11:58 2025 [WARN] order: Sample log message
Mon Apr 21 18:11:58 2025 [ERROR] inventory: Sample log message
Mon Apr 21 18:11:59 2025 [INFO] order: Sample log message
Mon Apr 21 18:11:59 2025 [WARN] order: Sample log message
Mon Apr 21 18:12:00 2025 [ERROR] payment: Sample log message
Mon Apr 21 18:12:00 2025 [WARN] payment: Sample log message
Mon Apr 21 18:12:01 2025 [ERROR] order: Sample log message
Mon Apr 21 18:12:01 2025 [ERROR] payment: Sample log message
Mon Apr 21 18:12:02 2025 [INFO] payment: Sample log message
Mon Apr 21 18:12:02 2025 [INFO] inventory: Sample log message
Mon Apr 21 18:12:03 2025 [WARN] order: Sample log message
Mon Apr 21 18:12:03 2025 [INFO] payment: Sample log message
Mon Apr 21 18:12:04 2025 [ERROR] order: Sample log message
Mon Apr 21 18:12:04 2025 [WARN] payment: Sample log message
Mon Apr 21 18:12:05 2025 [ERROR] inventory: Sample log message
Mon Apr 21 18:12:06 2025 [WARN] order: Sample log message
Mon Apr 21 18:12:06 2025 [ERROR] payment: Sample log message
Mon Apr 21 18:12:07 2025 [WARN] inventory: Sample log message
Mon Apr 21 18:12:07 2025 [INFO] payment: Sample log message
Mon Apr 21 18:12:08 2025 [ERROR] payment: Sample log message
Mon Apr 21 18:12:08 2025 [INFO] payment: Sample log message
Mon Apr 21 18:12:09 2025 [ERROR] payment: Sample log message
Mon Apr 21 18:12:09 2025 [ERROR] order: Sample log message
Mon Apr 21 18:12:10 2025 [WARN] inventory: Sample log message
Mon Apr 21 18:12:10 2025 [ERROR] payment: Sample log message
Mon Apr 21 18:12:11 2025 [INFO] order: Sample log message
Mon Apr 21 18:12:11 2025 [INFO] payment: Sample log message
Mon Apr 21 18:12:12 2025 [INFO] inventory: Sample log message
Mon Apr 21 18:12:12 2025 [ERROR] inventory: Sample log message
Mon Apr 21 18:12:13 2025 [ERROR] order: Sample log message
Mon Apr 21 18:12:13 2025 [ERROR] payment: Sample log message
Mon Apr 21 18:12:14 2025 [WARN] order: Sample log message
Mon Apr 21 18:12:14 2025 [WARN] inventory: Sample log message
Mon Apr 21 18:12:15 2025 [WARN] inventory: Sample log message
Mon Apr 21 18:12:15 2025 [WARN] payment: Sample log message
Mon Apr 21 18:12:16 2025 [INFO] payment: Sample log message
Mon Apr 21 18:12:17 2025 [INFO] payment: Sample log message
Mon Apr 21 18:12:17 2025 [WARN] order: Sample log message
Mon Apr 21 18:12:18 2025 [ERROR] order: Sample log message
Mon Apr 21 18:12:18 2025 [WARN] inventory: Sample log message
Mon Apr 21 18:12:19 2025 [ERROR] order: Sample log message
Mon Apr 21 18:12:19 2025 [INFO] order: Sample log message
Mon Apr 21 18:12:20 2025 [WARN] order: Sample log message
Mon Apr 21 18:12:20 2025 [ERROR] payment: Sample log message
Mon Apr 21 18:12:21 2025 [ERROR] inventory: Sample log message
Mon Apr 21 18:12:21 2025 [WARN] inventory: Sample log message
Mon Apr 21 18:12:22 2025 [INFO] order: Sample log message
Mon Apr 21 18:12:22 2025 [ERROR] order: Sample log message
Mon Apr 21 18:12:23 2025 [ERROR] order: Sample log message
Mon Apr 21 18:12:23 2025 [ERROR] order: Sample log message
Mon Apr 21 18:12:24 2025 [WARN] inventory: Sample log message
Mon Apr 21 18:12:24 2025 [WARN] payment: Sample log message
Mon Apr 21 18:12:25 2025 [ERROR] payment: Sample log message
Mon Apr 21 18:12:25 2025 [WARN] inventory: Sample log message
Mon Apr 21 18:12:26 2025 [WARN] order: Sample log message
Mon Apr 21 18:12:26 2025 [ERROR] inventory: Sample log message
Mon Apr 21 18:12:27 2025 [WARN] payment: Sample log message
Mon Apr 21 18:12:27 2025 [WARN] payment: Sample log message
Mon Apr 21 18:12:28 2025 [ERROR] order: Sample log message
Mon Apr 21 18:12:28 2025 [WARN] inventory: Sample log message
Mon Apr 21 18:12:29 2025 [WARN] order: Sample log message
Mon Apr 21 18:12:30 2025 [WARN] order: Sample log message
Mon Apr 21 18:12:30 2025 [WARN] order: Sample log message
Mon Apr 21 18:12:31 2025 [ERROR] inventory: Sample log message
Mon Apr 21 18:12:31 2025 [INFO] order: Sample log message
Mon Apr 21 18:12:32 2025 [WARN] payment: Sample log message
Mon Apr 21 18:12:32 2025 [ERROR] order: Sample log message
Mon Apr 21 18:12:33 2025 [INFO] inventory: Sample log message
Mon Apr 21 18:12:33 2025 [WARN] order: Sample log message
Mon Apr 21 18:12:34 2025 [ERROR] payment: Sample log message
Mon Apr 21 18:12:34 2025 [WARN] payment: Sample log message
Mon Apr 21 18:12:35 2025 [INFO] payment: Sample log message
Mon Apr 21 18:12:35 2025 [INFO] payment: Sample log message
Mon Apr 21 18:12:36 2025 [INFO] payment: Sample log message
Mon Apr 21 18:12:36 2025 [INFO] order: Sample log message
Mon Apr 21 18:12:37 2025 [ERROR] payment: Sample log message
Mon Apr 21 18:12:37 2025 [WARN] payment: Sample log message
Mon Apr 21 18:12:38 2025 [INFO] inventory: Sample log message
Mon Apr 21 18:12:38 2025 [WARN] order: Sample log message
Mon Apr 21 18:12:39 2025 [WARN] payment: Sample log message
Mon Apr 21 18:12:39 2025 [ERROR] order: Sample log message
Mon Apr 21 18:12:40 2025 [WARN] inventory: Sample log message
Mon Apr 21 18:12:40 2025 [WARN] payment: Sample log message
Mon Apr 21 18:12:41 2025 [WARN] order: Sample log message
Mon Apr 21 18:12:42 2025 [ERROR] order: Sample log message
Mon Apr 21 18:12:42 2025 [INFO] order: Sample log message
Mon Apr 21 18:12:43 2025 [INFO] payment: Sample log message
Mon Apr 21 18:12:43 2025 [WARN] inventory: Sample log message
Mon Apr 21 18:12:44 2025 [INFO] inventory: Sample log message
Mon Apr 21 18:12:44 2025 [WARN] inventory: Sample log message
Mon Apr 21 18:12:45 2025 [INFO] order: Sample log message
Mon Apr 21 18:12:45 2025 [ERROR] inventory: Sample log message
Mon Apr 21 18:12:46 2025 [WARN] payment: Sample log message
Mon Apr 21 18:12:47 2025 [ERROR] order: Sample log message
Mon Apr 21 18:12:48 2025 [ERROR] payment: Sample log message
Mon Apr 21 18:12:48 2025 [ERROR] payment: Sample log message
Mon Apr 21 18:12:49 2025 [WARN] order: Sample log message
Mon Apr 21 18:12:49 2025 [INFO] inventory: Sample log message
Mon Apr 21 18:12:50 2025 [INFO] order: Sample log message
Mon Apr 21 18:12:50 2025 [ERROR] inventory: Sample log message
Mon Apr 21 18:12:51 2025 [INFO] payment: Sample log message
Mon Apr 21 18:12:51 2025 [WARN] order: Sample log message
Mon Apr 21 18:12:52 2025 [INFO] inventory: Sample log message
Mon Apr 21 18:12:52 2025 [ERROR] payment: Sample log message
Mon Apr 21 18:12:53 2025 [ERROR] inventory: Sample log message
Mon Apr 21 18:12:53 2025 [WARN] payment: Sample log message
Mon Apr 21 18:12:54 2025 [INFO] payment: Sample log message
Mon Apr 21 18:12:54 2025 [WARN] order: Sample log message
Mon Apr 21 18:12:55 2025 [WARN] order: Sample log message
Mon Apr 21 18:12:56 2025 [ERROR] order: Sample log message
Mon Apr 21 18:12:56 2025 [WARN] order: Sample log message
Mon Apr 21 18:12:57 2025 [INFO] order: Sample log message
Mon Apr 21 18:12:57 2025 [WARN] payment: Sample log message
Mon Apr 21 18:12:58 2025 [ERROR] payment: Sample log message
Mon Apr 21 18:12:59 2025 [WARN] order: Sample log message
Mon Apr 21 18:12:59 2025 [INFO] payment: Sample log message
Mon Apr 21 18:13:00 2025 [INFO] payment: Sample log message
Mon Apr 21 18:13:01 2025 [WARN] payment: Sample log message
Mon Apr 21 18:13:02 2025 [ERROR] order: Sample log message
Mon Apr 21 18:13:02 2025 [INFO] inventory: Sample log message
Mon Apr 21 18:13:03 2025 [ERROR] inventory: Sample log message
Mon Apr 21 18:13:03 2025 [ERROR] inventory: Sample log message
Mon Apr 21 18:13:04 2025 [INFO] inventory: Sample log message
Mon Apr 21 18:13:04 2025 [INFO] inventory: Sample log message
Mon Apr 21 18:13:05 2025 [ERROR] payment: Sample log message
Mon Apr 21 18:13:05 2025 [WARN] order: Sample log message
Mon Apr 21 18:13:06 2025 [WARN] inventory: Sample log message
Mon Apr 21 18:13:06 2025 [WARN] order: Sample log message
Mon Apr 21 18:13:07 2025 [INFO] order: Sample log message
Mon Apr 21 18:13:07 2025 [WARN] order: Sample log message
Mon Apr 21 18:13:08 2025 [INFO] order: Sample log message
Mon Apr 21 18:13:08 2025 [ERROR] inventory: Sample log message
Mon Apr 21 18:13:09 2025 [INFO] inventory: Sample log message
Mon Apr 21 18:13:09 2025 [INFO] payment: Sample log message
Mon Apr 21 18:13:10 2025 [WARN] inventory: Sample log message
Mon Apr 21 18:13:10 2025 [ERROR] order: Sample log message
Mon Apr 21 18:13:11 2025 [ERROR] inventory: Sample log message
Mon Apr 21 18:13:11 2025 [ERROR] inventory: Sample log message
Mon Apr 21 18:13:12 2025 [ERROR] inventory: Sample log message
Mon Apr 21 18:13:12 2025 [ERROR] payment: Sample log message
Mon Apr 21 18:13:13 2025 [WARN] inventory: Sample log message
Mon Apr 21 18:13:14 2025 [WARN] inventory: Sample log message
Mon Apr 21 18:13:14 2025 [ERROR] inventory: Sample log message
Mon Apr 21 18:13:15 2025 [ERROR] payment: Sample log message
Mon Apr 21 18:13:15 2025 [INFO] inventory: Sample log message
Mon Apr 21 18:13:16 2025 [WARN] inventory: Sample log message
Mon Apr 21 18:13:16 2025 [WARN] order: Sample log message
