Mon Apr 21 18:13:38 2025 [ERROR] order: Sample log message
Mon Apr 21 18:13:38 2025 [ERROR] inventory: Sample log message
Mon Apr 21 18:13:39 2025 [ERROR] inventory: Sample log message
Mon Apr 21 18:13:39 2025 [WARN] inventory: Sample log message
Mon Apr 21 18:13:40 2025 [INFO] order: Sample log message
Mon Apr 21 18:13:40 2025 [WARN] inventory: Sample log message
Mon Apr 21 18:13:41 2025 [WARN] order: Sample log message
Mon Apr 21 18:13:41 2025 [WARN] inventory: Sample log message
Mon Apr 21 18:13:42 2025 [WARN] order: Sample log message
Mon Apr 21 18:13:42 2025 [ERROR] order: Sample log message
Mon Apr 21 18:13:43 2025 [WARN] inventory: Sample log message
Mon Apr 21 18:13:43 2025 [INFO] payment: Sample log message
Mon Apr 21 18:13:44 2025 [WARN] order: Sample log message
Mon Apr 21 18:13:44 2025 [WARN] order: Sample log message
Mon Apr 21 18:13:45 2025 [ERROR] inventory: Sample log message
Mon Apr 21 18:13:45 2025 [WARN] payment: Sample log message
Mon Apr 21 18:13:46 2025 [INFO] inventory: Sample log message
Mon Apr 21 18:13:47 2025 [ERROR] inventory: Sample log message
Mon Apr 21 18:13:47 2025 [ERROR] order: Sample log message
Mon Apr 21 18:13:48 2025 [INFO] order: Sample log message
Mon Apr 21 18:13:48 2025 [INFO] payment: Sample log message
